# JRE version: OpenJDK Runtime Environment Temurin-17.0.4.1+1 (17.0.4.1+1) (build 17.0.4.1+1)
# Java VM: OpenJDK 64-Bit Server VM Temurin-17.0.4.1+1 (17.0.4.1+1, mixed mode, tiered, compressed oops, compressed class ptrs, parallel gc, windows-amd64)
GC Precious Log:
 CPUs: 16 total, 16 available
 Memory: 32702M
 Large Page Support: Disabled
 NUMA Support: Disabled
 Compressed Oops: Enabled (32-bit)
 Alignments: Space 512K, Generation 512K, Heap 2M
 Heap Min Capacity: 100M
 Heap Initial Capacity: 100M
 Heap Max Capacity: 1G
 Pre-touch: Disabled
 Parallel Workers: 13
Heap:
 PSYoungGen      total 2560K, used 2539K [0x00000000eab00000, 0x00000000eb200000, 0x0000000100000000)
  eden space 2048K, 99% used [0x00000000eab00000,0x00000000eacfffe8,0x00000000ead00000)
  from space 512K, 96% used [0x00000000eb000000,0x00000000eb07b000,0x00000000eb080000)
  to   space 2560K, 79% used [0x00000000ead00000,0x00000000eaefc430,0x00000000eaf80000)
 ParOldGen       total 169472K, used 144871K [0x00000000c0000000, 0x00000000ca580000, 0x00000000eab00000)
  object space 169472K, 85% used [0x00000000c0000000,0x00000000c8d79de0,0x00000000ca580000)
 Metaspace       used 90515K, committed 91712K, reserved 1138688K
  class space    used 9171K, committed 9728K, reserved 1048576K
GC Heap History (20 events):
Event: 3847.353 GC heap after
{Heap after GC invocations=5818 (full 153):
 PSYoungGen      total 5632K, used 576K [0x00000000eab00000, 0x00000000eb180000, 0x0000000100000000)
  eden space 3584K, 0% used [0x00000000eab00000,0x00000000eab00000,0x00000000eae80000)
  from space 2048K, 28% used [0x00000000eae80000,0x00000000eaf10000,0x00000000eb080000)
  to   space 1024K, 0% used [0x00000000eb080000,0x00000000eb080000,0x00000000eb180000)
 ParOldGen       total 173056K, used 168117K [0x00000000c0000000, 0x00000000ca900000, 0x00000000eab00000)
  object space 173056K, 97% used [0x00000000c0000000,0x00000000ca42d7c8,0x00000000ca900000)
 Metaspace       used 90518K, committed 91712K, reserved 1138688K
  class space    used 9171K, committed 9728K, reserved 1048576K
}
Event: 3847.361 GC heap before
{Heap before GC invocations=5819 (full 153):
 PSYoungGen      total 5632K, used 4159K [0x00000000eab00000, 0x00000000eb180000, 0x0000000100000000)
  eden space 3584K, 99% used [0x00000000eab00000,0x00000000eae7fd28,0x00000000eae80000)
  from space 2048K, 28% used [0x00000000eae80000,0x00000000eaf10000,0x00000000eb080000)
  to   space 1024K, 0% used [0x00000000eb080000,0x00000000eb080000,0x00000000eb180000)
 ParOldGen       total 173056K, used 168117K [0x00000000c0000000, 0x00000000ca900000, 0x00000000eab00000)
  object space 173056K, 97% used [0x00000000c0000000,0x00000000ca42d7c8,0x00000000ca900000)
 Metaspace       used 90518K, committed 91712K, reserved 1138688K
  class space    used 9171K, committed 9728K, reserved 1048576K
}
Event: 3847.362 GC heap after
{Heap after GC invocations=5819 (full 153):
 PSYoungGen      total 4608K, used 672K [0x00000000eab00000, 0x00000000eb180000, 0x0000000100000000)
  eden space 3584K, 0% used [0x00000000eab00000,0x00000000eab00000,0x00000000eae80000)
  from space 1024K, 65% used [0x00000000eb080000,0x00000000eb128000,0x00000000eb180000)
  to   space 1024K, 0% used [0x00000000eaf80000,0x00000000eaf80000,0x00000000eb080000)
 ParOldGen       total 173056K, used 168117K [0x00000000c0000000, 0x00000000ca900000, 0x00000000eab00000)
  object space 173056K, 97% used [0x00000000c0000000,0x00000000ca42d7c8,0x00000000ca900000)
 Metaspace       used 90518K, committed 91712K, reserved 1138688K
  class space    used 9171K, committed 9728K, reserved 1048576K
}
Event: 3848.000 GC heap before
{Heap before GC invocations=5820 (full 153):
 PSYoungGen      total 4608K, used 4163K [0x00000000eab00000, 0x00000000eb180000, 0x0000000100000000)
  eden space 3584K, 97% used [0x00000000eab00000,0x00000000eae68c68,0x00000000eae80000)
  from space 1024K, 65% used [0x00000000eb080000,0x00000000eb128000,0x00000000eb180000)
  to   space 1024K, 0% used [0x00000000eaf80000,0x00000000eaf80000,0x00000000eb080000)
 ParOldGen       total 173056K, used 168117K [0x00000000c0000000, 0x00000000ca900000, 0x00000000eab00000)
  object space 173056K, 97% used [0x00000000c0000000,0x00000000ca42d7c8,0x00000000ca900000)
 Metaspace       used 90518K, committed 91712K, reserved 1138688K
  class space    used 9171K, committed 9728K, reserved 1048576K
}
Event: 3848.001 GC heap after
{Heap after GC invocations=5820 (full 153):
 PSYoungGen      total 4608K, used 1001K [0x00000000eab00000, 0x00000000eb180000, 0x0000000100000000)
  eden space 3584K, 0% used [0x00000000eab00000,0x00000000eab00000,0x00000000eae80000)
  from space 1024K, 97% used [0x00000000eaf80000,0x00000000eb07a540,0x00000000eb080000)
  to   space 1024K, 0% used [0x00000000eb080000,0x00000000eb080000,0x00000000eb180000)
 ParOldGen       total 173056K, used 168141K [0x00000000c0000000, 0x00000000ca900000, 0x00000000eab00000)
  object space 173056K, 97% used [0x00000000c0000000,0x00000000ca4337c8,0x00000000ca900000)
 Metaspace       used 90518K, committed 91712K, reserved 1138688K
  class space    used 9171K, committed 9728K, reserved 1048576K
}
Event: 3848.005 GC heap before
{Heap before GC invocations=5821 (full 153):
 PSYoungGen      total 4608K, used 4585K [0x00000000eab00000, 0x00000000eb180000, 0x0000000100000000)
  eden space 3584K, 100% used [0x00000000eab00000,0x00000000eae80000,0x00000000eae80000)
  from space 1024K, 97% used [0x00000000eaf80000,0x00000000eb07a540,0x00000000eb080000)
  to   space 1024K, 0% used [0x00000000eb080000,0x00000000eb080000,0x00000000eb180000)
 ParOldGen       total 173056K, used 168141K [0x00000000c0000000, 0x00000000ca900000, 0x00000000eab00000)
  object space 173056K, 97% used [0x00000000c0000000,0x00000000ca4337c8,0x00000000ca900000)
 Metaspace       used 90518K, committed 91712K, reserved 1138688K
  class space    used 9171K, committed 9728K, reserved 1048576K
}
Event: 3848.006 GC heap after
{Heap after GC invocations=5821 (full 153):
 PSYoungGen      total 1536K, used 1010K [0x00000000eab00000, 0x00000000eb880000, 0x0000000100000000)
  eden space 512K, 0% used [0x00000000eab00000,0x00000000eab00000,0x00000000eab80000)
  from space 1024K, 98% used [0x00000000eb080000,0x00000000eb17ca80,0x00000000eb180000)
  to   space 5120K, 0% used [0x00000000eab80000,0x00000000eab80000,0x00000000eb080000)
 ParOldGen       total 173056K, used 171555K [0x00000000c0000000, 0x00000000ca900000, 0x00000000eab00000)
  object space 173056K, 99% used [0x00000000c0000000,0x00000000ca788c68,0x00000000ca900000)
 Metaspace       used 90518K, committed 91712K, reserved 1138688K
  class space    used 9171K, committed 9728K, reserved 1048576K
}
Event: 3848.006 GC heap before
{Heap before GC invocations=5822 (full 154):
 PSYoungGen      total 1536K, used 1010K [0x00000000eab00000, 0x00000000eb880000, 0x0000000100000000)
  eden space 512K, 0% used [0x00000000eab00000,0x00000000eab00000,0x00000000eab80000)
  from space 1024K, 98% used [0x00000000eb080000,0x00000000eb17ca80,0x00000000eb180000)
  to   space 5120K, 0% used [0x00000000eab80000,0x00000000eab80000,0x00000000eb080000)
 ParOldGen       total 173056K, used 171555K [0x00000000c0000000, 0x00000000ca900000, 0x00000000eab00000)
  object space 173056K, 99% used [0x00000000c0000000,0x00000000ca788c68,0x00000000ca900000)
 Metaspace       used 90518K, committed 91712K, reserved 1138688K
  class space    used 9171K, committed 9728K, reserved 1048576K
}
Event: 3848.070 GC heap after
{Heap after GC invocations=5822 (full 154):
 PSYoungGen      total 5632K, used 0K [0x00000000eab00000, 0x00000000eb580000, 0x0000000100000000)
  eden space 512K, 0% used [0x00000000eab00000,0x00000000eab00000,0x00000000eab80000)
  from space 5120K, 0% used [0x00000000eab80000,0x00000000eab80000,0x00000000eb080000)
  to   space 5120K, 0% used [0x00000000eb080000,0x00000000eb080000,0x00000000eb580000)
 ParOldGen       total 169472K, used 141327K [0x00000000c0000000, 0x00000000ca580000, 0x00000000eab00000)
  object space 169472K, 83% used [0x00000000c0000000,0x00000000c8a03de0,0x00000000ca580000)
 Metaspace       used 90515K, committed 91712K, reserved 1138688K
  class space    used 9171K, committed 9728K, reserved 1048576K
}
Event: 3848.072 GC heap before
{Heap before GC invocations=5823 (full 154):
 PSYoungGen      total 5632K, used 512K [0x00000000eab00000, 0x00000000eb580000, 0x0000000100000000)
  eden space 512K, 100% used [0x00000000eab00000,0x00000000eab80000,0x00000000eab80000)
  from space 5120K, 0% used [0x00000000eab80000,0x00000000eab80000,0x00000000eb080000)
  to   space 5120K, 0% used [0x00000000eb080000,0x00000000eb080000,0x00000000eb580000)
 ParOldGen       total 169472K, used 141327K [0x00000000c0000000, 0x00000000ca580000, 0x00000000eab00000)
  object space 169472K, 83% used [0x00000000c0000000,0x00000000c8a03de0,0x00000000ca580000)
 Metaspace       used 90515K, committed 91712K, reserved 1138688K
  class space    used 9171K, committed 9728K, reserved 1048576K
}
Event: 3848.072 GC heap after
{Heap after GC invocations=5823 (full 154):
 PSYoungGen      total 1536K, used 640K [0x00000000eab00000, 0x00000000eb180000, 0x0000000100000000)
  eden space 512K, 0% used [0x00000000eab00000,0x00000000eab00000,0x00000000eab80000)
  from space 1024K, 62% used [0x00000000eb080000,0x00000000eb120000,0x00000000eb180000)
  to   space 2048K, 0% used [0x00000000ead80000,0x00000000ead80000,0x00000000eaf80000)
 ParOldGen       total 169472K, used 141327K [0x00000000c0000000, 0x00000000ca580000, 0x00000000eab00000)
  object space 169472K, 83% used [0x00000000c0000000,0x00000000c8a03de0,0x00000000ca580000)
 Metaspace       used 90515K, committed 91712K, reserved 1138688K
  class space    used 9171K, committed 9728K, reserved 1048576K
}
Event: 3848.073 GC heap before
{Heap before GC invocations=5824 (full 154):
 PSYoungGen      total 1536K, used 1152K [0x00000000eab00000, 0x00000000eb180000, 0x0000000100000000)
  eden space 512K, 100% used [0x00000000eab00000,0x00000000eab80000,0x00000000eab80000)
  from space 1024K, 62% used [0x00000000eb080000,0x00000000eb120000,0x00000000eb180000)
  to   space 2048K, 0% used [0x00000000ead80000,0x00000000ead80000,0x00000000eaf80000)
 ParOldGen       total 169472K, used 141327K [0x00000000c0000000, 0x00000000ca580000, 0x00000000eab00000)
  object space 169472K, 83% used [0x00000000c0000000,0x00000000c8a03de0,0x00000000ca580000)
 Metaspace       used 90515K, committed 91712K, reserved 1138688K
  class space    used 9171K, committed 9728K, reserved 1048576K
}
Event: 3848.074 GC heap after
{Heap after GC invocations=5824 (full 154):
 PSYoungGen      total 2560K, used 672K [0x00000000eab00000, 0x00000000eb100000, 0x0000000100000000)
  eden space 512K, 0% used [0x00000000eab00000,0x00000000eab00000,0x00000000eab80000)
  from space 2048K, 32% used [0x00000000ead80000,0x00000000eae28000,0x00000000eaf80000)
  to   space 1024K, 0% used [0x00000000eb000000,0x00000000eb000000,0x00000000eb100000)
 ParOldGen       total 169472K, used 141847K [0x00000000c0000000, 0x00000000ca580000, 0x00000000eab00000)
  object space 169472K, 83% used [0x00000000c0000000,0x00000000c8a85de0,0x00000000ca580000)
 Metaspace       used 90515K, committed 91712K, reserved 1138688K
  class space    used 9171K, committed 9728K, reserved 1048576K
}
Event: 3848.075 GC heap before
{Heap before GC invocations=5825 (full 154):
 PSYoungGen      total 2560K, used 1184K [0x00000000eab00000, 0x00000000eb100000, 0x0000000100000000)
  eden space 512K, 100% used [0x00000000eab00000,0x00000000eab80000,0x00000000eab80000)
  from space 2048K, 32% used [0x00000000ead80000,0x00000000eae28000,0x00000000eaf80000)
  to   space 1024K, 0% used [0x00000000eb000000,0x00000000eb000000,0x00000000eb100000)
 ParOldGen       total 169472K, used 141847K [0x00000000c0000000, 0x00000000ca580000, 0x00000000eab00000)
  object space 169472K, 83% used [0x00000000c0000000,0x00000000c8a85de0,0x00000000ca580000)
 Metaspace       used 90515K, committed 91712K, reserved 1138688K
  class space    used 9171K, committed 9728K, reserved 1048576K
}
Event: 3848.076 GC heap after
{Heap after GC invocations=5825 (full 154):
 PSYoungGen      total 2048K, used 608K [0x00000000eab00000, 0x00000000eb100000, 0x0000000100000000)
  eden space 1024K, 0% used [0x00000000eab00000,0x00000000eab00000,0x00000000eac00000)
  from space 1024K, 59% used [0x00000000eb000000,0x00000000eb098000,0x00000000eb100000)
  to   space 1024K, 0% used [0x00000000eaf00000,0x00000000eaf00000,0x00000000eb000000)
 ParOldGen       total 169472K, used 142359K [0x00000000c0000000, 0x00000000ca580000, 0x00000000eab00000)
  object space 169472K, 84% used [0x00000000c0000000,0x00000000c8b05de0,0x00000000ca580000)
 Metaspace       used 90515K, committed 91712K, reserved 1138688K
  class space    used 9171K, committed 9728K, reserved 1048576K
}
Event: 3848.078 GC heap before
{Heap before GC invocations=5826 (full 154):
 PSYoungGen      total 2048K, used 1631K [0x00000000eab00000, 0x00000000eb100000, 0x0000000100000000)
  eden space 1024K, 99% used [0x00000000eab00000,0x00000000eabfffb8,0x00000000eac00000)
  from space 1024K, 59% used [0x00000000eb000000,0x00000000eb098000,0x00000000eb100000)
  to   space 1024K, 0% used [0x00000000eaf00000,0x00000000eaf00000,0x00000000eb000000)
 ParOldGen       total 169472K, used 142359K [0x00000000c0000000, 0x00000000ca580000, 0x00000000eab00000)
  object space 169472K, 84% used [0x00000000c0000000,0x00000000c8b05de0,0x00000000ca580000)
 Metaspace       used 90515K, committed 91712K, reserved 1138688K
  class space    used 9171K, committed 9728K, reserved 1048576K
}
Event: 3848.079 GC heap after
{Heap after GC invocations=5826 (full 154):
 PSYoungGen      total 2560K, used 1024K [0x00000000eab00000, 0x00000000eb080000, 0x0000000100000000)
  eden space 1536K, 0% used [0x00000000eab00000,0x00000000eab00000,0x00000000eac80000)
  from space 1024K, 100% used [0x00000000eaf00000,0x00000000eb000000,0x00000000eb000000)
  to   space 512K, 0% used [0x00000000eb000000,0x00000000eb000000,0x00000000eb080000)
 ParOldGen       total 169472K, used 142927K [0x00000000c0000000, 0x00000000ca580000, 0x00000000eab00000)
  object space 169472K, 84% used [0x00000000c0000000,0x00000000c8b93de0,0x00000000ca580000)
 Metaspace       used 90515K, committed 91712K, reserved 1138688K
  class space    used 9171K, committed 9728K, reserved 1048576K
}
Event: 3848.082 GC heap before
{Heap before GC invocations=5827 (full 154):
 PSYoungGen      total 2560K, used 2491K [0x00000000eab00000, 0x00000000eb080000, 0x0000000100000000)
  eden space 1536K, 95% used [0x00000000eab00000,0x00000000eac6ef88,0x00000000eac80000)
  from space 1024K, 100% used [0x00000000eaf00000,0x00000000eb000000,0x00000000eb000000)
  to   space 512K, 0% used [0x00000000eb000000,0x00000000eb000000,0x00000000eb080000)
 ParOldGen       total 169472K, used 142927K [0x00000000c0000000, 0x00000000ca580000, 0x00000000eab00000)
  object space 169472K, 84% used [0x00000000c0000000,0x00000000c8b93de0,0x00000000ca580000)
 Metaspace       used 90515K, committed 91712K, reserved 1138688K
  class space    used 9171K, committed 9728K, reserved 1048576K
}
Event: 3848.084 GC heap after
{Heap after GC invocations=5827 (full 154):
 PSYoungGen      total 2560K, used 492K [0x00000000eab00000, 0x00000000eb200000, 0x0000000100000000)
  eden space 2048K, 0% used [0x00000000eab00000,0x00000000eab00000,0x00000000ead00000)
  from space 512K, 96% used [0x00000000eb000000,0x00000000eb07b000,0x00000000eb080000)
  to   space 2560K, 0% used [0x00000000ead00000,0x00000000ead00000,0x00000000eaf80000)
 ParOldGen       total 169472K, used 144679K [0x00000000c0000000, 0x00000000ca580000, 0x00000000eab00000)
  object space 169472K, 85% used [0x00000000c0000000,0x00000000c8d49de0,0x00000000ca580000)
 Metaspace       used 90515K, committed 91712K, reserved 1138688K
  class space    used 9171K, committed 9728K, reserved 1048576K
}
Event: 3848.103 GC heap before
{Heap before GC invocations=5828 (full 154):
 PSYoungGen      total 2560K, used 2539K [0x00000000eab00000, 0x00000000eb200000, 0x0000000100000000)
  eden space 2048K, 99% used [0x00000000eab00000,0x00000000eacfffe8,0x00000000ead00000)
  from space 512K, 96% used [0x00000000eb000000,0x00000000eb07b000,0x00000000eb080000)
  to   space 2560K, 0% used [0x00000000ead00000,0x00000000ead00000,0x00000000eaf80000)
 ParOldGen       total 169472K, used 144679K [0x00000000c0000000, 0x00000000ca580000, 0x00000000eab00000)
  object space 169472K, 85% used [0x00000000c0000000,0x00000000c8d49de0,0x00000000ca580000)
 Metaspace       used 90515K, committed 91712K, reserved 1138688K
  class space    used 9171K, committed 9728K, reserved 1048576K
}

