# JRE version: OpenJDK Runtime Environment Temurin-17.0.4.1+1 (17.0.4.1+1) (build 17.0.4.1+1)
# Java VM: OpenJDK 64-Bit Server VM Temurin-17.0.4.1+1 (17.0.4.1+1, mixed mode, tiered, compressed oops, compressed class ptrs, parallel gc, windows-amd64)
GC Precious Log:
 CPUs: 16 total, 16 available
 Memory: 32702M
 Large Page Support: Disabled
 NUMA Support: Disabled
 Compressed Oops: Enabled (32-bit)
 Alignments: Space 512K, Generation 512K, Heap 2M
 Heap Min Capacity: 100M
 Heap Initial Capacity: 100M
 Heap Max Capacity: 1G
 Pre-touch: Disabled
 Parallel Workers: 13
Heap:
 PSYoungGen      total 5632K, used 5569K [0x00000000eab00000, 0x00000000eb280000, 0x0000000100000000)
  eden space 4608K, 100% used [0x00000000eab00000,0x00000000eaf80000,0x00000000eaf80000)
  from space 1024K, 93% used [0x00000000eaf80000,0x00000000eb070420,0x00000000eb080000)
  to   space 1536K, 41% used [0x00000000eb100000,0x00000000eb1a0010,0x00000000eb280000)
 ParOldGen       total 154624K, used 137300K [0x00000000c0000000, 0x00000000c9700000, 0x00000000eab00000)
  object space 154624K, 88% used [0x00000000c0000000,0x00000000c86151e0,0x00000000c9700000)
 Metaspace       used 88058K, committed 89088K, reserved 1130496K
  class space    used 8635K, committed 9088K, reserved 1048576K
GC Heap History (20 events):
Event: 7700.121 GC heap after
{Heap after GC invocations=12357 (full 296):
 PSYoungGen      total 5632K, used 704K [0x00000000eab00000, 0x00000000eb280000, 0x0000000100000000)
  eden space 4608K, 0% used [0x00000000eab00000,0x00000000eab00000,0x00000000eaf80000)
  from space 1024K, 68% used [0x00000000eb180000,0x00000000eb230000,0x00000000eb280000)
  to   space 1024K, 0% used [0x00000000eb080000,0x00000000eb080000,0x00000000eb180000)
 ParOldGen       total 154624K, used 135215K [0x00000000c0000000, 0x00000000c9700000, 0x00000000eab00000)
  object space 154624K, 87% used [0x00000000c0000000,0x00000000c840bfd8,0x00000000c9700000)
 Metaspace       used 88058K, committed 89088K, reserved 1130496K
  class space    used 8635K, committed 9088K, reserved 1048576K
}
Event: 7700.179 GC heap before
{Heap before GC invocations=12358 (full 296):
 PSYoungGen      total 5632K, used 5312K [0x00000000eab00000, 0x00000000eb280000, 0x0000000100000000)
  eden space 4608K, 100% used [0x00000000eab00000,0x00000000eaf80000,0x00000000eaf80000)
  from space 1024K, 68% used [0x00000000eb180000,0x00000000eb230000,0x00000000eb280000)
  to   space 1024K, 0% used [0x00000000eb080000,0x00000000eb080000,0x00000000eb180000)
 ParOldGen       total 154624K, used 135215K [0x00000000c0000000, 0x00000000c9700000, 0x00000000eab00000)
  object space 154624K, 87% used [0x00000000c0000000,0x00000000c840bfd8,0x00000000c9700000)
 Metaspace       used 88058K, committed 89088K, reserved 1130496K
  class space    used 8635K, committed 9088K, reserved 1048576K
}
Event: 7700.179 GC heap after
{Heap after GC invocations=12358 (full 296):
 PSYoungGen      total 5632K, used 928K [0x00000000eab00000, 0x00000000eb200000, 0x0000000100000000)
  eden space 4608K, 0% used [0x00000000eab00000,0x00000000eab00000,0x00000000eaf80000)
  from space 1024K, 90% used [0x00000000eb080000,0x00000000eb168000,0x00000000eb180000)
  to   space 512K, 0% used [0x00000000eb180000,0x00000000eb180000,0x00000000eb200000)
 ParOldGen       total 154624K, used 135714K [0x00000000c0000000, 0x00000000c9700000, 0x00000000eab00000)
  object space 154624K, 87% used [0x00000000c0000000,0x00000000c8488b40,0x00000000c9700000)
 Metaspace       used 88058K, committed 89088K, reserved 1130496K
  class space    used 8635K, committed 9088K, reserved 1048576K
}
Event: 7702.216 GC heap before
{Heap before GC invocations=12359 (full 296):
 PSYoungGen      total 5632K, used 5536K [0x00000000eab00000, 0x00000000eb200000, 0x0000000100000000)
  eden space 4608K, 100% used [0x00000000eab00000,0x00000000eaf80000,0x00000000eaf80000)
  from space 1024K, 90% used [0x00000000eb080000,0x00000000eb168000,0x00000000eb180000)
  to   space 512K, 0% used [0x00000000eb180000,0x00000000eb180000,0x00000000eb200000)
 ParOldGen       total 154624K, used 135714K [0x00000000c0000000, 0x00000000c9700000, 0x00000000eab00000)
  object space 154624K, 87% used [0x00000000c0000000,0x00000000c8488b40,0x00000000c9700000)
 Metaspace       used 88058K, committed 89088K, reserved 1130496K
  class space    used 8635K, committed 9088K, reserved 1048576K
}
Event: 7702.216 GC heap after
{Heap after GC invocations=12359 (full 296):
 PSYoungGen      total 5120K, used 512K [0x00000000eab00000, 0x00000000eb280000, 0x0000000100000000)
  eden space 4608K, 0% used [0x00000000eab00000,0x00000000eab00000,0x00000000eaf80000)
  from space 512K, 100% used [0x00000000eb180000,0x00000000eb200000,0x00000000eb200000)
  to   space 1536K, 0% used [0x00000000eaf80000,0x00000000eaf80000,0x00000000eb100000)
 ParOldGen       total 154624K, used 136527K [0x00000000c0000000, 0x00000000c9700000, 0x00000000eab00000)
  object space 154624K, 88% used [0x00000000c0000000,0x00000000c8553c88,0x00000000c9700000)
 Metaspace       used 88058K, committed 89088K, reserved 1130496K
  class space    used 8635K, committed 9088K, reserved 1048576K
}
Event: 7702.713 GC heap before
{Heap before GC invocations=12360 (full 296):
 PSYoungGen      total 5120K, used 5120K [0x00000000eab00000, 0x00000000eb280000, 0x0000000100000000)
  eden space 4608K, 100% used [0x00000000eab00000,0x00000000eaf80000,0x00000000eaf80000)
  from space 512K, 100% used [0x00000000eb180000,0x00000000eb200000,0x00000000eb200000)
  to   space 1536K, 0% used [0x00000000eaf80000,0x00000000eaf80000,0x00000000eb100000)
 ParOldGen       total 154624K, used 136527K [0x00000000c0000000, 0x00000000c9700000, 0x00000000eab00000)
  object space 154624K, 88% used [0x00000000c0000000,0x00000000c8553c88,0x00000000c9700000)
 Metaspace       used 88058K, committed 89088K, reserved 1130496K
  class space    used 8635K, committed 9088K, reserved 1048576K
}
Event: 7702.714 GC heap after
{Heap after GC invocations=12360 (full 296):
 PSYoungGen      total 6144K, used 512K [0x00000000eab00000, 0x00000000eb200000, 0x0000000100000000)
  eden space 4608K, 0% used [0x00000000eab00000,0x00000000eab00000,0x00000000eaf80000)
  from space 1536K, 33% used [0x00000000eaf80000,0x00000000eb000000,0x00000000eb100000)
  to   space 1024K, 0% used [0x00000000eb100000,0x00000000eb100000,0x00000000eb200000)
 ParOldGen       total 154624K, used 136947K [0x00000000c0000000, 0x00000000c9700000, 0x00000000eab00000)
  object space 154624K, 88% used [0x00000000c0000000,0x00000000c85bcc10,0x00000000c9700000)
 Metaspace       used 88058K, committed 89088K, reserved 1130496K
  class space    used 8635K, committed 9088K, reserved 1048576K
}
Event: 7704.194 GC heap before
{Heap before GC invocations=12361 (full 296):
 PSYoungGen      total 6144K, used 5120K [0x00000000eab00000, 0x00000000eb200000, 0x0000000100000000)
  eden space 4608K, 100% used [0x00000000eab00000,0x00000000eaf80000,0x00000000eaf80000)
  from space 1536K, 33% used [0x00000000eaf80000,0x00000000eb000000,0x00000000eb100000)
  to   space 1024K, 0% used [0x00000000eb100000,0x00000000eb100000,0x00000000eb200000)
 ParOldGen       total 154624K, used 136947K [0x00000000c0000000, 0x00000000c9700000, 0x00000000eab00000)
  object space 154624K, 88% used [0x00000000c0000000,0x00000000c85bcc10,0x00000000c9700000)
 Metaspace       used 88058K, committed 89088K, reserved 1130496K
  class space    used 8635K, committed 9088K, reserved 1048576K
}
Event: 7704.195 GC heap after
{Heap after GC invocations=12361 (full 296):
 PSYoungGen      total 5632K, used 704K [0x00000000eab00000, 0x00000000eb200000, 0x0000000100000000)
  eden space 4608K, 0% used [0x00000000eab00000,0x00000000eab00000,0x00000000eaf80000)
  from space 1024K, 68% used [0x00000000eb100000,0x00000000eb1b0000,0x00000000eb200000)
  to   space 1024K, 0% used [0x00000000eb000000,0x00000000eb000000,0x00000000eb100000)
 ParOldGen       total 154624K, used 136947K [0x00000000c0000000, 0x00000000c9700000, 0x00000000eab00000)
  object space 154624K, 88% used [0x00000000c0000000,0x00000000c85bcc10,0x00000000c9700000)
 Metaspace       used 88058K, committed 89088K, reserved 1130496K
  class space    used 8635K, committed 9088K, reserved 1048576K
}
Event: 7704.755 GC heap before
{Heap before GC invocations=12362 (full 296):
 PSYoungGen      total 5632K, used 5312K [0x00000000eab00000, 0x00000000eb200000, 0x0000000100000000)
  eden space 4608K, 100% used [0x00000000eab00000,0x00000000eaf80000,0x00000000eaf80000)
  from space 1024K, 68% used [0x00000000eb100000,0x00000000eb1b0000,0x00000000eb200000)
  to   space 1024K, 0% used [0x00000000eb000000,0x00000000eb000000,0x00000000eb100000)
 ParOldGen       total 154624K, used 136947K [0x00000000c0000000, 0x00000000c9700000, 0x00000000eab00000)
  object space 154624K, 88% used [0x00000000c0000000,0x00000000c85bcc10,0x00000000c9700000)
 Metaspace       used 88058K, committed 89088K, reserved 1130496K
  class space    used 8635K, committed 9088K, reserved 1048576K
}
Event: 7704.755 GC heap after
{Heap after GC invocations=12362 (full 296):
 PSYoungGen      total 5120K, used 480K [0x00000000eab00000, 0x00000000eb180000, 0x0000000100000000)
  eden space 4608K, 0% used [0x00000000eab00000,0x00000000eab00000,0x00000000eaf80000)
  from space 512K, 93% used [0x00000000eb000000,0x00000000eb078000,0x00000000eb080000)
  to   space 1024K, 0% used [0x00000000eb080000,0x00000000eb080000,0x00000000eb180000)
 ParOldGen       total 154624K, used 136947K [0x00000000c0000000, 0x00000000c9700000, 0x00000000eab00000)
  object space 154624K, 88% used [0x00000000c0000000,0x00000000c85bcc10,0x00000000c9700000)
 Metaspace       used 88058K, committed 89088K, reserved 1130496K
  class space    used 8635K, committed 9088K, reserved 1048576K
}
Event: 7705.748 GC heap before
{Heap before GC invocations=12363 (full 296):
 PSYoungGen      total 5120K, used 5088K [0x00000000eab00000, 0x00000000eb180000, 0x0000000100000000)
  eden space 4608K, 100% used [0x00000000eab00000,0x00000000eaf80000,0x00000000eaf80000)
  from space 512K, 93% used [0x00000000eb000000,0x00000000eb078000,0x00000000eb080000)
  to   space 1024K, 0% used [0x00000000eb080000,0x00000000eb080000,0x00000000eb180000)
 ParOldGen       total 154624K, used 136947K [0x00000000c0000000, 0x00000000c9700000, 0x00000000eab00000)
  object space 154624K, 88% used [0x00000000c0000000,0x00000000c85bcc10,0x00000000c9700000)
 Metaspace       used 88058K, committed 89088K, reserved 1130496K
  class space    used 8635K, committed 9088K, reserved 1048576K
}
Event: 7705.748 GC heap after
{Heap after GC invocations=12363 (full 296):
 PSYoungGen      total 5632K, used 720K [0x00000000eab00000, 0x00000000eb180000, 0x0000000100000000)
  eden space 4608K, 0% used [0x00000000eab00000,0x00000000eab00000,0x00000000eaf80000)
  from space 1024K, 70% used [0x00000000eb080000,0x00000000eb134010,0x00000000eb180000)
  to   space 1024K, 0% used [0x00000000eaf80000,0x00000000eaf80000,0x00000000eb080000)
 ParOldGen       total 154624K, used 136947K [0x00000000c0000000, 0x00000000c9700000, 0x00000000eab00000)
  object space 154624K, 88% used [0x00000000c0000000,0x00000000c85bcc10,0x00000000c9700000)
 Metaspace       used 88058K, committed 89088K, reserved 1130496K
  class space    used 8635K, committed 9088K, reserved 1048576K
}
Event: 7707.259 GC heap before
{Heap before GC invocations=12364 (full 296):
 PSYoungGen      total 5632K, used 5328K [0x00000000eab00000, 0x00000000eb180000, 0x0000000100000000)
  eden space 4608K, 100% used [0x00000000eab00000,0x00000000eaf80000,0x00000000eaf80000)
  from space 1024K, 70% used [0x00000000eb080000,0x00000000eb134010,0x00000000eb180000)
  to   space 1024K, 0% used [0x00000000eaf80000,0x00000000eaf80000,0x00000000eb080000)
 ParOldGen       total 154624K, used 136947K [0x00000000c0000000, 0x00000000c9700000, 0x00000000eab00000)
  object space 154624K, 88% used [0x00000000c0000000,0x00000000c85bcc10,0x00000000c9700000)
 Metaspace       used 88058K, committed 89088K, reserved 1130496K
  class space    used 8635K, committed 9088K, reserved 1048576K
}
Event: 7707.259 GC heap after
{Heap after GC invocations=12364 (full 296):
 PSYoungGen      total 5632K, used 768K [0x00000000eab00000, 0x00000000eb180000, 0x0000000100000000)
  eden space 4608K, 0% used [0x00000000eab00000,0x00000000eab00000,0x00000000eaf80000)
  from space 1024K, 75% used [0x00000000eaf80000,0x00000000eb040000,0x00000000eb080000)
  to   space 1024K, 0% used [0x00000000eb080000,0x00000000eb080000,0x00000000eb180000)
 ParOldGen       total 154624K, used 136947K [0x00000000c0000000, 0x00000000c9700000, 0x00000000eab00000)
  object space 154624K, 88% used [0x00000000c0000000,0x00000000c85bcc10,0x00000000c9700000)
 Metaspace       used 88058K, committed 89088K, reserved 1130496K
  class space    used 8635K, committed 9088K, reserved 1048576K
}
Event: 7707.830 GC heap before
{Heap before GC invocations=12365 (full 296):
 PSYoungGen      total 5632K, used 4547K [0x00000000eab00000, 0x00000000eb180000, 0x0000000100000000)
  eden space 4608K, 82% used [0x00000000eab00000,0x00000000eaeb0e68,0x00000000eaf80000)
  from space 1024K, 75% used [0x00000000eaf80000,0x00000000eb040000,0x00000000eb080000)
  to   space 1024K, 0% used [0x00000000eb080000,0x00000000eb080000,0x00000000eb180000)
 ParOldGen       total 154624K, used 136947K [0x00000000c0000000, 0x00000000c9700000, 0x00000000eab00000)
  object space 154624K, 88% used [0x00000000c0000000,0x00000000c85bcc10,0x00000000c9700000)
 Metaspace       used 88058K, committed 89088K, reserved 1130496K
  class space    used 8635K, committed 9088K, reserved 1048576K
}
Event: 7707.830 GC heap after
{Heap after GC invocations=12365 (full 296):
 PSYoungGen      total 5632K, used 480K [0x00000000eab00000, 0x00000000eb180000, 0x0000000100000000)
  eden space 4608K, 0% used [0x00000000eab00000,0x00000000eab00000,0x00000000eaf80000)
  from space 1024K, 46% used [0x00000000eb080000,0x00000000eb0f8000,0x00000000eb180000)
  to   space 1024K, 0% used [0x00000000eaf80000,0x00000000eaf80000,0x00000000eb080000)
 ParOldGen       total 154624K, used 136947K [0x00000000c0000000, 0x00000000c9700000, 0x00000000eab00000)
  object space 154624K, 88% used [0x00000000c0000000,0x00000000c85bcc10,0x00000000c9700000)
 Metaspace       used 88058K, committed 89088K, reserved 1130496K
  class space    used 8635K, committed 9088K, reserved 1048576K
}
Event: 7707.838 GC heap before
{Heap before GC invocations=12366 (full 296):
 PSYoungGen      total 5632K, used 5084K [0x00000000eab00000, 0x00000000eb180000, 0x0000000100000000)
  eden space 4608K, 99% used [0x00000000eab00000,0x00000000eaf7f290,0x00000000eaf80000)
  from space 1024K, 46% used [0x00000000eb080000,0x00000000eb0f8000,0x00000000eb180000)
  to   space 1024K, 0% used [0x00000000eaf80000,0x00000000eaf80000,0x00000000eb080000)
 ParOldGen       total 154624K, used 136947K [0x00000000c0000000, 0x00000000c9700000, 0x00000000eab00000)
  object space 154624K, 88% used [0x00000000c0000000,0x00000000c85bcc10,0x00000000c9700000)
 Metaspace       used 88058K, committed 89088K, reserved 1130496K
  class space    used 8635K, committed 9088K, reserved 1048576K
}
Event: 7707.839 GC heap after
{Heap after GC invocations=12366 (full 296):
 PSYoungGen      total 5632K, used 961K [0x00000000eab00000, 0x00000000eb280000, 0x0000000100000000)
  eden space 4608K, 0% used [0x00000000eab00000,0x00000000eab00000,0x00000000eaf80000)
  from space 1024K, 93% used [0x00000000eaf80000,0x00000000eb070420,0x00000000eb080000)
  to   space 1536K, 0% used [0x00000000eb100000,0x00000000eb100000,0x00000000eb280000)
 ParOldGen       total 154624K, used 137300K [0x00000000c0000000, 0x00000000c9700000, 0x00000000eab00000)
  object space 154624K, 88% used [0x00000000c0000000,0x00000000c86151e0,0x00000000c9700000)
 Metaspace       used 88058K, committed 89088K, reserved 1130496K
  class space    used 8635K, committed 9088K, reserved 1048576K
}
Event: 7708.524 GC heap before
{Heap before GC invocations=12367 (full 296):
 PSYoungGen      total 5632K, used 5569K [0x00000000eab00000, 0x00000000eb280000, 0x0000000100000000)
  eden space 4608K, 100% used [0x00000000eab00000,0x00000000eaf80000,0x00000000eaf80000)
  from space 1024K, 93% used [0x00000000eaf80000,0x00000000eb070420,0x00000000eb080000)
  to   space 1536K, 0% used [0x00000000eb100000,0x00000000eb100000,0x00000000eb280000)
 ParOldGen       total 154624K, used 137300K [0x00000000c0000000, 0x00000000c9700000, 0x00000000eab00000)
  object space 154624K, 88% used [0x00000000c0000000,0x00000000c86151e0,0x00000000c9700000)
 Metaspace       used 88058K, committed 89088K, reserved 1130496K
  class space    used 8635K, committed 9088K, reserved 1048576K
}

